# JRE version: Java(TM) SE Runtime Environment 18.9 (11.0.18+9) (build 11.0.18+9-LTS-195)
# Java VM: Java HotSpot(TM) 64-Bit Server VM 18.9 (11.0.18+9-LTS-195, mixed mode, tiered, compressed oops, g1 gc, windows-amd64)
Heap:
 garbage-first heap   total 520192K, used 143721K [0x0000000604a00000, 0x0000000800000000)
  region size 2048K, 69 young (141312K), 7 survivors (14336K)
 Metaspace       used 35088K, capacity 35836K, committed 35920K, reserved 1081344K
  class space    used 4030K, capacity 4352K, committed 4352K, reserved 1048576K
GC Heap History (6 events):
Event: 0.578 GC heap before
{Heap before GC invocations=0 (full 0):
 garbage-first heap   total 520192K, used 24576K [0x0000000604a00000, 0x0000000800000000)
  region size 2048K, 12 young (24576K), 0 survivors (0K)
 Metaspace       used 8972K, capacity 9140K, committed 9344K, reserved 1058816K
  class space    used 828K, capacity 882K, committed 896K, reserved 1048576K
}
Event: 0.583 GC heap after
{Heap after GC invocations=1 (full 0):
 garbage-first heap   total 520192K, used 4846K [0x0000000604a00000, 0x0000000800000000)
  region size 2048K, 2 young (4096K), 2 survivors (4096K)
 Metaspace       used 8972K, capacity 9140K, committed 9344K, reserved 1058816K
  class space    used 828K, capacity 882K, committed 896K, reserved 1048576K
}
Event: 2.145 GC heap before
{Heap before GC invocations=1 (full 0):
 garbage-first heap   total 520192K, used 131822K [0x0000000604a00000, 0x0000000800000000)
  region size 2048K, 66 young (135168K), 2 survivors (4096K)
 Metaspace       used 20617K, capacity 21214K, committed 21296K, reserved 1069056K
  class space    used 2379K, capacity 2660K, committed 2688K, reserved 1048576K
}
Event: 2.151 GC heap after
{Heap after GC invocations=2 (full 0):
 garbage-first heap   total 520192K, used 10876K [0x0000000604a00000, 0x0000000800000000)
  region size 2048K, 5 young (10240K), 5 survivors (10240K)
 Metaspace       used 20617K, capacity 21214K, committed 21296K, reserved 1069056K
  class space    used 2379K, capacity 2660K, committed 2688K, reserved 1048576K
}
Event: 3.212 GC heap before
{Heap before GC invocations=3 (full 0):
 garbage-first heap   total 520192K, used 141948K [0x0000000604a00000, 0x0000000800000000)
  region size 2048K, 70 young (143360K), 5 survivors (10240K)
 Metaspace       used 28281K, capacity 28994K, committed 29104K, reserved 1075200K
  class space    used 3274K, capacity 3572K, committed 3584K, reserved 1048576K
}
Event: 3.220 GC heap after
{Heap after GC invocations=4 (full 0):
 garbage-first heap   total 520192K, used 18793K [0x0000000604a00000, 0x0000000800000000)
  region size 2048K, 7 young (14336K), 7 survivors (14336K)
 Metaspace       used 28281K, capacity 28994K, committed 29104K, reserved 1075200K
  class space    used 3274K, capacity 3572K, committed 3584K, reserved 1048576K
}

